# JRE version: Java(TM) SE Runtime Environment (7.0_51-b13) (build 1.7.0_51-b13)
# Java VM: Java HotSpot(TM) 64-Bit Server VM (24.51-b03 mixed mode windows-amd64 compressed oops)
Heap
 PSYoungGen      total 257024K, used 229182K [0x00000000d7100000, 0x00000000e8f80000, 0x0000000100000000)
  eden space 253440K, 90% used [0x00000000d7100000,0x00000000e50cf9d0,0x00000000e6880000)
  from space 3584K, 0% used [0x00000000e6c00000,0x00000000e6c00000,0x00000000e6f80000)
  to   space 3584K, 0% used [0x00000000e6880000,0x00000000e6880000,0x00000000e6c00000)
 ParOldGen       total 661504K, used 328393K [0x0000000085400000, 0x00000000ada00000, 0x00000000d7100000)
  object space 661504K, 49% used [0x0000000085400000,0x00000000994b2698,0x00000000ada00000)
 PSPermGen       total 21504K, used 10162K [0x0000000080200000, 0x0000000081700000, 0x0000000085400000)
  object space 21504K, 47% used [0x0000000080200000,0x0000000080bec8c8,0x0000000081700000)
GC Heap History (10 events):
Event: 13.133 GC heap before
{Heap before GC invocations=12 (full 4):
 PSYoungGen      total 144896K, used 141277K [0x00000000d7100000, 0x00000000e3780000, 0x0000000100000000)
  eden space 140800K, 100% used [0x00000000d7100000,0x00000000dfa80000,0x00000000dfa80000)
  from space 4096K, 11% used [0x00000000dfa80000,0x00000000dfaf7400,0x00000000dfe80000)
  to   space 3584K, 0% used [0x00000000e3400000,0x00000000e3400000,0x00000000e3780000)
 ParOldGen       total 326656K, used 97639K [0x0000000085400000, 0x0000000099300000, 0x00000000d7100000)
  object space 326656K, 29% used [0x0000000085400000,0x000000008b359de0,0x0000000099300000)
 PSPermGen       total 21504K, used 6123K [0x0000000080200000, 0x0000000081700000, 0x0000000085400000)
  object space 21504K, 28% used [0x0000000080200000,0x00000000807fac18,0x0000000081700000)
Event: 13.136 GC heap after
Heap after GC invocations=12 (full 4):
 PSYoungGen      total 194048K, used 1730K [0x00000000d7100000, 0x00000000e3600000, 0x0000000100000000)
  eden space 192000K, 0% used [0x00000000d7100000,0x00000000d7100000,0x00000000e2c80000)
  from space 2048K, 84% used [0x00000000e3400000,0x00000000e35b0840,0x00000000e3600000)
  to   space 4096K, 0% used [0x00000000e2e00000,0x00000000e2e00000,0x00000000e3200000)
 ParOldGen       total 326656K, used 97639K [0x0000000085400000, 0x0000000099300000, 0x00000000d7100000)
  object space 326656K, 29% used [0x0000000085400000,0x000000008b359de0,0x0000000099300000)
 PSPermGen       total 21504K, used 6123K [0x0000000080200000, 0x0000000081700000, 0x0000000085400000)
  object space 21504K, 28% used [0x0000000080200000,0x00000000807fac18,0x0000000081700000)
}
Event: 14.862 GC heap before
{Heap before GC invocations=13 (full 4):
 PSYoungGen      total 194048K, used 143341K [0x00000000d7100000, 0x00000000e3600000, 0x0000000100000000)
  eden space 192000K, 73% used [0x00000000d7100000,0x00000000dfb4ada0,0x00000000e2c80000)
  from space 2048K, 84% used [0x00000000e3400000,0x00000000e35b0840,0x00000000e3600000)
  to   space 4096K, 0% used [0x00000000e2e00000,0x00000000e2e00000,0x00000000e3200000)
 ParOldGen       total 326656K, used 97639K [0x0000000085400000, 0x0000000099300000, 0x00000000d7100000)
  object space 326656K, 29% used [0x0000000085400000,0x000000008b359de0,0x0000000099300000)
 PSPermGen       total 21504K, used 6138K [0x0000000080200000, 0x0000000081700000, 0x0000000085400000)
  object space 21504K, 28% used [0x0000000080200000,0x00000000807fea18,0x0000000081700000)
Event: 15.052 GC heap after
Heap after GC invocations=13 (full 4):
 PSYoungGen      total 197632K, used 192K [0x00000000d7100000, 0x00000000e6f80000, 0x0000000100000000)
  eden space 193536K, 0% used [0x00000000d7100000,0x00000000d7100000,0x00000000e2e00000)
  from space 4096K, 4% used [0x00000000e2e00000,0x00000000e2e30000,0x00000000e3200000)
  to   space 3584K, 0% used [0x00000000e6c00000,0x00000000e6c00000,0x00000000e6f80000)
 ParOldGen       total 392704K, used 359783K [0x0000000085400000, 0x000000009d380000, 0x00000000d7100000)
  object space 392704K, 91% used [0x0000000085400000,0x000000009b359e20,0x000000009d380000)
 PSPermGen       total 21504K, used 6138K [0x0000000080200000, 0x0000000081700000, 0x0000000085400000)
  object space 21504K, 28% used [0x0000000080200000,0x00000000807fea18,0x0000000081700000)
}
Event: 15.052 GC heap before
{Heap before GC invocations=14 (full 5):
 PSYoungGen      total 197632K, used 192K [0x00000000d7100000, 0x00000000e6f80000, 0x0000000100000000)
  eden space 193536K, 0% used [0x00000000d7100000,0x00000000d7100000,0x00000000e2e00000)
  from space 4096K, 4% used [0x00000000e2e00000,0x00000000e2e30000,0x00000000e3200000)
  to   space 3584K, 0% used [0x00000000e6c00000,0x00000000e6c00000,0x00000000e6f80000)
 ParOldGen       total 392704K, used 359783K [0x0000000085400000, 0x000000009d380000, 0x00000000d7100000)
  object space 392704K, 91% used [0x0000000085400000,0x000000009b359e20,0x000000009d380000)
 PSPermGen       total 21504K, used 6138K [0x0000000080200000, 0x0000000081700000, 0x0000000085400000)
  object space 21504K, 28% used [0x0000000080200000,0x00000000807fea18,0x0000000081700000)
Event: 15.104 GC heap after
Heap after GC invocations=14 (full 5):
 PSYoungGen      total 197632K, used 0K [0x00000000d7100000, 0x00000000e6f80000, 0x0000000100000000)
  eden space 193536K, 0% used [0x00000000d7100000,0x00000000d7100000,0x00000000e2e00000)
  from space 4096K, 0% used [0x00000000e2e00000,0x00000000e2e00000,0x00000000e3200000)
  to   space 3584K, 0% used [0x00000000e6c00000,0x00000000e6c00000,0x00000000e6f80000)
 ParOldGen       total 496640K, used 197330K [0x0000000085400000, 0x00000000a3900000, 0x00000000d7100000)
  object space 496640K, 39% used [0x0000000085400000,0x00000000914b4930,0x00000000a3900000)
 PSPermGen       total 21504K, used 6138K [0x0000000080200000, 0x0000000081700000, 0x0000000085400000)
  object space 21504K, 28% used [0x0000000080200000,0x00000000807fea18,0x0000000081700000)
}
Event: 15.134 GC heap before
{Heap before GC invocations=15 (full 5):
 PSYoungGen      total 197632K, used 133474K [0x00000000d7100000, 0x00000000e6f80000, 0x0000000100000000)
  eden space 193536K, 68% used [0x00000000d7100000,0x00000000df358a88,0x00000000e2e00000)
  from space 4096K, 0% used [0x00000000e2e00000,0x00000000e2e00000,0x00000000e3200000)
  to   space 3584K, 0% used [0x00000000e6c00000,0x00000000e6c00000,0x00000000e6f80000)
 ParOldGen       total 496640K, used 197330K [0x0000000085400000, 0x00000000a3900000, 0x00000000d7100000)
  object space 496640K, 39% used [0x0000000085400000,0x00000000914b4930,0x00000000a3900000)
 PSPermGen       total 21504K, used 6138K [0x0000000080200000, 0x0000000081700000, 0x0000000085400000)
  object space 21504K, 28% used [0x0000000080200000,0x00000000807fea18,0x0000000081700000)
Event: 15.175 GC heap after
Heap after GC invocations=15 (full 5):
 PSYoungGen      total 257024K, used 0K [0x00000000d7100000, 0x00000000e8f80000, 0x0000000100000000)
  eden space 253440K, 0% used [0x00000000d7100000,0x00000000d7100000,0x00000000e6880000)
  from space 3584K, 0% used [0x00000000e6c00000,0x00000000e6c00000,0x00000000e6f80000)
  to   space 3584K, 0% used [0x00000000e6880000,0x00000000e6880000,0x00000000e6c00000)
 ParOldGen       total 496640K, used 328402K [0x0000000085400000, 0x00000000a3900000, 0x00000000d7100000)
  object space 496640K, 66% used [0x0000000085400000,0x00000000994b4950,0x00000000a3900000)
 PSPermGen       total 21504K, used 6138K [0x0000000080200000, 0x0000000081700000, 0x0000000085400000)
  object space 21504K, 28% used [0x0000000080200000,0x00000000807fea18,0x0000000081700000)
}
Event: 15.175 GC heap before
{Heap before GC invocations=16 (full 6):
 PSYoungGen      total 257024K, used 0K [0x00000000d7100000, 0x00000000e8f80000, 0x0000000100000000)
  eden space 253440K, 0% used [0x00000000d7100000,0x00000000d7100000,0x00000000e6880000)
  from space 3584K, 0% used [0x00000000e6c00000,0x00000000e6c00000,0x00000000e6f80000)
  to   space 3584K, 0% used [0x00000000e6880000,0x00000000e6880000,0x00000000e6c00000)
 ParOldGen       total 496640K, used 328402K [0x0000000085400000, 0x00000000a3900000, 0x00000000d7100000)
  object space 496640K, 66% used [0x0000000085400000,0x00000000994b4950,0x00000000a3900000)
 PSPermGen       total 21504K, used 6138K [0x0000000080200000, 0x0000000081700000, 0x0000000085400000)
  object space 21504K, 28% used [0x0000000080200000,0x00000000807fea18,0x0000000081700000)
Event: 15.262 GC heap after
Heap after GC invocations=16 (full 6):
 PSYoungGen      total 257024K, used 0K [0x00000000d7100000, 0x00000000e8f80000, 0x0000000100000000)
  eden space 253440K, 0% used [0x00000000d7100000,0x00000000d7100000,0x00000000e6880000)
  from space 3584K, 0% used [0x00000000e6c00000,0x00000000e6c00000,0x00000000e6f80000)
  to   space 3584K, 0% used [0x00000000e6880000,0x00000000e6880000,0x00000000e6c00000)
 ParOldGen       total 661504K, used 328393K [0x0000000085400000, 0x00000000ada00000, 0x00000000d7100000)
  object space 661504K, 49% used [0x0000000085400000,0x00000000994b2698,0x00000000ada00000)
 PSPermGen       total 21504K, used 6138K [0x0000000080200000, 0x0000000081700000, 0x0000000085400000)
  object space 21504K, 28% used [0x0000000080200000,0x00000000807fea18,0x0000000081700000)
}

