# JRE version: Java(TM) SE Runtime Environment (8.0_05-b13) (build 1.8.0_05-b13)
# Java VM: Java HotSpot(TM) 64-Bit Server VM (25.5-b02 mixed mode windows-amd64 compressed oops)
Heap:
 PSYoungGen      total 6656K, used 623K [0x00000000eab00000, 0x00000000eb280000, 0x0000000100000000)
  eden space 6144K, 8% used [0x00000000eab00000,0x00000000eab7bdd0,0x00000000eb100000)
  from space 512K, 25% used [0x00000000eb200000,0x00000000eb220000,0x00000000eb280000)
  to   space 512K, 0% used [0x00000000eb180000,0x00000000eb180000,0x00000000eb200000)
 ParOldGen       total 64000K, used 41452K [0x00000000c0000000, 0x00000000c3e80000, 0x00000000eab00000)
  object space 64000K, 64% used [0x00000000c0000000,0x00000000c287b2f8,0x00000000c3e80000)
 Metaspace       used 8917K, capacity 9032K, committed 9216K, reserved 1056768K
  class space    used 895K, capacity 913K, committed 1024K, reserved 1048576K
GC Heap History (10 events):
Event: 187.961 GC heap before
{Heap before GC invocations=674 (full 0):
 PSYoungGen      total 6656K, used 6240K [0x00000000eab00000, 0x00000000eb280000, 0x0000000100000000)
  eden space 6144K, 100% used [0x00000000eab00000,0x00000000eb100000,0x00000000eb100000)
  from space 512K, 18% used [0x00000000eb180000,0x00000000eb198000,0x00000000eb200000)
  to   space 512K, 0% used [0x00000000eb200000,0x00000000eb200000,0x00000000eb280000)
 ParOldGen       total 64000K, used 41332K [0x00000000c0000000, 0x00000000c3e80000, 0x00000000eab00000)
  object space 64000K, 64% used [0x00000000c0000000,0x00000000c285d2f8,0x00000000c3e80000)
 Metaspace       used 8917K, capacity 9032K, committed 9216K, reserved 1056768K
  class space    used 895K, capacity 913K, committed 1024K, reserved 1048576K
Event: 187.962 GC heap after
Heap after GC invocations=674 (full 0):
 PSYoungGen      total 6656K, used 128K [0x00000000eab00000, 0x00000000eb280000, 0x0000000100000000)
  eden space 6144K, 0% used [0x00000000eab00000,0x00000000eab00000,0x00000000eb100000)
  from space 512K, 25% used [0x00000000eb200000,0x00000000eb220000,0x00000000eb280000)
  to   space 512K, 0% used [0x00000000eb180000,0x00000000eb180000,0x00000000eb200000)
 ParOldGen       total 64000K, used 41348K [0x00000000c0000000, 0x00000000c3e80000, 0x00000000eab00000)
  object space 64000K, 64% used [0x00000000c0000000,0x00000000c28612f8,0x00000000c3e80000)
 Metaspace       used 8917K, capacity 9032K, committed 9216K, reserved 1056768K
  class space    used 895K, capacity 913K, committed 1024K, reserved 1048576K
}
Event: 188.228 GC heap before
{Heap before GC invocations=675 (full 0):
 PSYoungGen      total 6656K, used 6272K [0x00000000eab00000, 0x00000000eb280000, 0x0000000100000000)
  eden space 6144K, 100% used [0x00000000eab00000,0x00000000eb100000,0x00000000eb100000)
  from space 512K, 25% used [0x00000000eb200000,0x00000000eb220000,0x00000000eb280000)
  to   space 512K, 0% used [0x00000000eb180000,0x00000000eb180000,0x00000000eb200000)
 ParOldGen       total 64000K, used 41348K [0x00000000c0000000, 0x00000000c3e80000, 0x00000000eab00000)
  object space 64000K, 64% used [0x00000000c0000000,0x00000000c28612f8,0x00000000c3e80000)
 Metaspace       used 8917K, capacity 9032K, committed 9216K, reserved 1056768K
  class space    used 895K, capacity 913K, committed 1024K, reserved 1048576K
Event: 188.229 GC heap after
Heap after GC invocations=675 (full 0):
 PSYoungGen      total 6656K, used 128K [0x00000000eab00000, 0x00000000eb280000, 0x0000000100000000)
  eden space 6144K, 0% used [0x00000000eab00000,0x00000000eab00000,0x00000000eb100000)
  from space 512K, 25% used [0x00000000eb180000,0x00000000eb1a0000,0x00000000eb200000)
  to   space 512K, 0% used [0x00000000eb200000,0x00000000eb200000,0x00000000eb280000)
 ParOldGen       total 64000K, used 41372K [0x00000000c0000000, 0x00000000c3e80000, 0x00000000eab00000)
  object space 64000K, 64% used [0x00000000c0000000,0x00000000c28672f8,0x00000000c3e80000)
 Metaspace       used 8917K, capacity 9032K, committed 9216K, reserved 1056768K
  class space    used 895K, capacity 913K, committed 1024K, reserved 1048576K
}
Event: 188.511 GC heap before
{Heap before GC invocations=676 (full 0):
 PSYoungGen      total 6656K, used 6272K [0x00000000eab00000, 0x00000000eb280000, 0x0000000100000000)
  eden space 6144K, 100% used [0x00000000eab00000,0x00000000eb100000,0x00000000eb100000)
  from space 512K, 25% used [0x00000000eb180000,0x00000000eb1a0000,0x00000000eb200000)
  to   space 512K, 0% used [0x00000000eb200000,0x00000000eb200000,0x00000000eb280000)
 ParOldGen       total 64000K, used 41372K [0x00000000c0000000, 0x00000000c3e80000, 0x00000000eab00000)
  object space 64000K, 64% used [0x00000000c0000000,0x00000000c28672f8,0x00000000c3e80000)
 Metaspace       used 8917K, capacity 9032K, committed 9216K, reserved 1056768K
  class space    used 895K, capacity 913K, committed 1024K, reserved 1048576K
Event: 188.513 GC heap after
Heap after GC invocations=676 (full 0):
 PSYoungGen      total 6656K, used 128K [0x00000000eab00000, 0x00000000eb280000, 0x0000000100000000)
  eden space 6144K, 0% used [0x00000000eab00000,0x00000000eab00000,0x00000000eb100000)
  from space 512K, 25% used [0x00000000eb200000,0x00000000eb220000,0x00000000eb280000)
  to   space 512K, 0% used [0x00000000eb180000,0x00000000eb180000,0x00000000eb200000)
 ParOldGen       total 64000K, used 41396K [0x00000000c0000000, 0x00000000c3e80000, 0x00000000eab00000)
  object space 64000K, 64% used [0x00000000c0000000,0x00000000c286d2f8,0x00000000c3e80000)
 Metaspace       used 8917K, capacity 9032K, committed 9216K, reserved 1056768K
  class space    used 895K, capacity 913K, committed 1024K, reserved 1048576K
}
Event: 189.712 GC heap before
{Heap before GC invocations=677 (full 0):
 PSYoungGen      total 6656K, used 6272K [0x00000000eab00000, 0x00000000eb280000, 0x0000000100000000)
  eden space 6144K, 100% used [0x00000000eab00000,0x00000000eb100000,0x00000000eb100000)
  from space 512K, 25% used [0x00000000eb200000,0x00000000eb220000,0x00000000eb280000)
  to   space 512K, 0% used [0x00000000eb180000,0x00000000eb180000,0x00000000eb200000)
 ParOldGen       total 64000K, used 41396K [0x00000000c0000000, 0x00000000c3e80000, 0x00000000eab00000)
  object space 64000K, 64% used [0x00000000c0000000,0x00000000c286d2f8,0x00000000c3e80000)
 Metaspace       used 8917K, capacity 9032K, committed 9216K, reserved 1056768K
  class space    used 895K, capacity 913K, committed 1024K, reserved 1048576K
Event: 189.713 GC heap after
Heap after GC invocations=677 (full 0):
 PSYoungGen      total 6656K, used 160K [0x00000000eab00000, 0x00000000eb280000, 0x0000000100000000)
  eden space 6144K, 0% used [0x00000000eab00000,0x00000000eab00000,0x00000000eb100000)
  from space 512K, 31% used [0x00000000eb180000,0x00000000eb1a8000,0x00000000eb200000)
  to   space 512K, 0% used [0x00000000eb200000,0x00000000eb200000,0x00000000eb280000)
 ParOldGen       total 64000K, used 41420K [0x00000000c0000000, 0x00000000c3e80000, 0x00000000eab00000)
  object space 64000K, 64% used [0x00000000c0000000,0x00000000c28732f8,0x00000000c3e80000)
 Metaspace       used 8917K, capacity 9032K, committed 9216K, reserved 1056768K
  class space    used 895K, capacity 913K, committed 1024K, reserved 1048576K
}
Event: 189.978 GC heap before
{Heap before GC invocations=678 (full 0):
 PSYoungGen      total 6656K, used 6304K [0x00000000eab00000, 0x00000000eb280000, 0x0000000100000000)
  eden space 6144K, 100% used [0x00000000eab00000,0x00000000eb100000,0x00000000eb100000)
  from space 512K, 31% used [0x00000000eb180000,0x00000000eb1a8000,0x00000000eb200000)
  to   space 512K, 0% used [0x00000000eb200000,0x00000000eb200000,0x00000000eb280000)
 ParOldGen       total 64000K, used 41420K [0x00000000c0000000, 0x00000000c3e80000, 0x00000000eab00000)
  object space 64000K, 64% used [0x00000000c0000000,0x00000000c28732f8,0x00000000c3e80000)
 Metaspace       used 8917K, capacity 9032K, committed 9216K, reserved 1056768K
  class space    used 895K, capacity 913K, committed 1024K, reserved 1048576K
Event: 189.979 GC heap after
Heap after GC invocations=678 (full 0):
 PSYoungGen      total 6656K, used 128K [0x00000000eab00000, 0x00000000eb280000, 0x0000000100000000)
  eden space 6144K, 0% used [0x00000000eab00000,0x00000000eab00000,0x00000000eb100000)
  from space 512K, 25% used [0x00000000eb200000,0x00000000eb220000,0x00000000eb280000)
  to   space 512K, 0% used [0x00000000eb180000,0x00000000eb180000,0x00000000eb200000)
 ParOldGen       total 64000K, used 41452K [0x00000000c0000000, 0x00000000c3e80000, 0x00000000eab00000)
  object space 64000K, 64% used [0x00000000c0000000,0x00000000c287b2f8,0x00000000c3e80000)
 Metaspace       used 8917K, capacity 9032K, committed 9216K, reserved 1056768K
  class space    used 895K, capacity 913K, committed 1024K, reserved 1048576K
}

