# JRE version: Java(TM) SE Runtime Environment (8.0_05-b13) (build 1.8.0_05-b13)
# Java VM: Java HotSpot(TM) 64-Bit Server VM (25.5-b02 mixed mode windows-amd64 compressed oops)
Heap:
 PSYoungGen      total 10752K, used 4288K [0x00000000eab00000, 0x00000000eb680000, 0x0000000100000000)
  eden space 10240K, 40% used [0x00000000eab00000,0x00000000eaf103a0,0x00000000eb500000)
  from space 512K, 25% used [0x00000000eb580000,0x00000000eb5a0000,0x00000000eb600000)
  to   space 512K, 0% used [0x00000000eb600000,0x00000000eb600000,0x00000000eb680000)
 ParOldGen       total 64000K, used 41426K [0x00000000c0000000, 0x00000000c3e80000, 0x00000000eab00000)
  object space 64000K, 64% used [0x00000000c0000000,0x00000000c2874960,0x00000000c3e80000)
 Metaspace       used 8958K, capacity 9096K, committed 9216K, reserved 1056768K
  class space    used 898K, capacity 913K, committed 1024K, reserved 1048576K
GC Heap History (10 events):
Event: 190.816 GC heap before
{Heap before GC invocations=403 (full 0):
 PSYoungGen      total 10752K, used 10368K [0x00000000eab00000, 0x00000000eb680000, 0x0000000100000000)
  eden space 10240K, 100% used [0x00000000eab00000,0x00000000eb500000,0x00000000eb500000)
  from space 512K, 25% used [0x00000000eb600000,0x00000000eb620000,0x00000000eb680000)
  to   space 512K, 0% used [0x00000000eb580000,0x00000000eb580000,0x00000000eb600000)
 ParOldGen       total 64000K, used 41234K [0x00000000c0000000, 0x00000000c3e80000, 0x00000000eab00000)
  object space 64000K, 64% used [0x00000000c0000000,0x00000000c2844960,0x00000000c3e80000)
 Metaspace       used 8958K, capacity 9096K, committed 9216K, reserved 1056768K
  class space    used 898K, capacity 913K, committed 1024K, reserved 1048576K
Event: 190.817 GC heap after
Heap after GC invocations=403 (full 0):
 PSYoungGen      total 10752K, used 128K [0x00000000eab00000, 0x00000000eb680000, 0x0000000100000000)
  eden space 10240K, 0% used [0x00000000eab00000,0x00000000eab00000,0x00000000eb500000)
  from space 512K, 25% used [0x00000000eb580000,0x00000000eb5a0000,0x00000000eb600000)
  to   space 512K, 0% used [0x00000000eb600000,0x00000000eb600000,0x00000000eb680000)
 ParOldGen       total 64000K, used 41266K [0x00000000c0000000, 0x00000000c3e80000, 0x00000000eab00000)
  object space 64000K, 64% used [0x00000000c0000000,0x00000000c284c960,0x00000000c3e80000)
 Metaspace       used 8958K, capacity 9096K, committed 9216K, reserved 1056768K
  class space    used 898K, capacity 913K, committed 1024K, reserved 1048576K
}
Event: 192.719 GC heap before
{Heap before GC invocations=404 (full 0):
 PSYoungGen      total 10752K, used 10368K [0x00000000eab00000, 0x00000000eb680000, 0x0000000100000000)
  eden space 10240K, 100% used [0x00000000eab00000,0x00000000eb500000,0x00000000eb500000)
  from space 512K, 25% used [0x00000000eb580000,0x00000000eb5a0000,0x00000000eb600000)
  to   space 512K, 0% used [0x00000000eb600000,0x00000000eb600000,0x00000000eb680000)
 ParOldGen       total 64000K, used 41266K [0x00000000c0000000, 0x00000000c3e80000, 0x00000000eab00000)
  object space 64000K, 64% used [0x00000000c0000000,0x00000000c284c960,0x00000000c3e80000)
 Metaspace       used 8958K, capacity 9096K, committed 9216K, reserved 1056768K
  class space    used 898K, capacity 913K, committed 1024K, reserved 1048576K
Event: 192.721 GC heap after
Heap after GC invocations=404 (full 0):
 PSYoungGen      total 10752K, used 128K [0x00000000eab00000, 0x00000000eb680000, 0x0000000100000000)
  eden space 10240K, 0% used [0x00000000eab00000,0x00000000eab00000,0x00000000eb500000)
  from space 512K, 25% used [0x00000000eb600000,0x00000000eb620000,0x00000000eb680000)
  to   space 512K, 0% used [0x00000000eb580000,0x00000000eb580000,0x00000000eb600000)
 ParOldGen       total 64000K, used 41306K [0x00000000c0000000, 0x00000000c3e80000, 0x00000000eab00000)
  object space 64000K, 64% used [0x00000000c0000000,0x00000000c2856960,0x00000000c3e80000)
 Metaspace       used 8958K, capacity 9096K, committed 9216K, reserved 1056768K
  class space    used 898K, capacity 913K, committed 1024K, reserved 1048576K
}
Event: 193.183 GC heap before
{Heap before GC invocations=405 (full 0):
 PSYoungGen      total 10752K, used 10368K [0x00000000eab00000, 0x00000000eb680000, 0x0000000100000000)
  eden space 10240K, 100% used [0x00000000eab00000,0x00000000eb500000,0x00000000eb500000)
  from space 512K, 25% used [0x00000000eb600000,0x00000000eb620000,0x00000000eb680000)
  to   space 512K, 0% used [0x00000000eb580000,0x00000000eb580000,0x00000000eb600000)
 ParOldGen       total 64000K, used 41306K [0x00000000c0000000, 0x00000000c3e80000, 0x00000000eab00000)
  object space 64000K, 64% used [0x00000000c0000000,0x00000000c2856960,0x00000000c3e80000)
 Metaspace       used 8958K, capacity 9096K, committed 9216K, reserved 1056768K
  class space    used 898K, capacity 913K, committed 1024K, reserved 1048576K
Event: 193.184 GC heap after
Heap after GC invocations=405 (full 0):
 PSYoungGen      total 10752K, used 128K [0x00000000eab00000, 0x00000000eb680000, 0x0000000100000000)
  eden space 10240K, 0% used [0x00000000eab00000,0x00000000eab00000,0x00000000eb500000)
  from space 512K, 25% used [0x00000000eb580000,0x00000000eb5a0000,0x00000000eb600000)
  to   space 512K, 0% used [0x00000000eb600000,0x00000000eb600000,0x00000000eb680000)
 ParOldGen       total 64000K, used 41354K [0x00000000c0000000, 0x00000000c3e80000, 0x00000000eab00000)
  object space 64000K, 64% used [0x00000000c0000000,0x00000000c2862960,0x00000000c3e80000)
 Metaspace       used 8958K, capacity 9096K, committed 9216K, reserved 1056768K
  class space    used 898K, capacity 913K, committed 1024K, reserved 1048576K
}
Event: 193.650 GC heap before
{Heap before GC invocations=406 (full 0):
 PSYoungGen      total 10752K, used 10368K [0x00000000eab00000, 0x00000000eb680000, 0x0000000100000000)
  eden space 10240K, 100% used [0x00000000eab00000,0x00000000eb500000,0x00000000eb500000)
  from space 512K, 25% used [0x00000000eb580000,0x00000000eb5a0000,0x00000000eb600000)
  to   space 512K, 0% used [0x00000000eb600000,0x00000000eb600000,0x00000000eb680000)
 ParOldGen       total 64000K, used 41354K [0x00000000c0000000, 0x00000000c3e80000, 0x00000000eab00000)
  object space 64000K, 64% used [0x00000000c0000000,0x00000000c2862960,0x00000000c3e80000)
 Metaspace       used 8958K, capacity 9096K, committed 9216K, reserved 1056768K
  class space    used 898K, capacity 913K, committed 1024K, reserved 1048576K
Event: 193.651 GC heap after
Heap after GC invocations=406 (full 0):
 PSYoungGen      total 10752K, used 128K [0x00000000eab00000, 0x00000000eb680000, 0x0000000100000000)
  eden space 10240K, 0% used [0x00000000eab00000,0x00000000eab00000,0x00000000eb500000)
  from space 512K, 25% used [0x00000000eb600000,0x00000000eb620000,0x00000000eb680000)
  to   space 512K, 0% used [0x00000000eb580000,0x00000000eb580000,0x00000000eb600000)
 ParOldGen       total 64000K, used 41394K [0x00000000c0000000, 0x00000000c3e80000, 0x00000000eab00000)
  object space 64000K, 64% used [0x00000000c0000000,0x00000000c286c960,0x00000000c3e80000)
 Metaspace       used 8958K, capacity 9096K, committed 9216K, reserved 1056768K
  class space    used 898K, capacity 913K, committed 1024K, reserved 1048576K
}
Event: 194.099 GC heap before
{Heap before GC invocations=407 (full 0):
 PSYoungGen      total 10752K, used 10368K [0x00000000eab00000, 0x00000000eb680000, 0x0000000100000000)
  eden space 10240K, 100% used [0x00000000eab00000,0x00000000eb500000,0x00000000eb500000)
  from space 512K, 25% used [0x00000000eb600000,0x00000000eb620000,0x00000000eb680000)
  to   space 512K, 0% used [0x00000000eb580000,0x00000000eb580000,0x00000000eb600000)
 ParOldGen       total 64000K, used 41394K [0x00000000c0000000, 0x00000000c3e80000, 0x00000000eab00000)
  object space 64000K, 64% used [0x00000000c0000000,0x00000000c286c960,0x00000000c3e80000)
 Metaspace       used 8958K, capacity 9096K, committed 9216K, reserved 1056768K
  class space    used 898K, capacity 913K, committed 1024K, reserved 1048576K
Event: 194.100 GC heap after
Heap after GC invocations=407 (full 0):
 PSYoungGen      total 10752K, used 128K [0x00000000eab00000, 0x00000000eb680000, 0x0000000100000000)
  eden space 10240K, 0% used [0x00000000eab00000,0x00000000eab00000,0x00000000eb500000)
  from space 512K, 25% used [0x00000000eb580000,0x00000000eb5a0000,0x00000000eb600000)
  to   space 512K, 0% used [0x00000000eb600000,0x00000000eb600000,0x00000000eb680000)
 ParOldGen       total 64000K, used 41426K [0x00000000c0000000, 0x00000000c3e80000, 0x00000000eab00000)
  object space 64000K, 64% used [0x00000000c0000000,0x00000000c2874960,0x00000000c3e80000)
 Metaspace       used 8958K, capacity 9096K, committed 9216K, reserved 1056768K
  class space    used 898K, capacity 913K, committed 1024K, reserved 1048576K
}

