# JRE version: Java(TM) SE Runtime Environment (8.0_05-b13) (build 1.8.0_05-b13)
# Java VM: Java HotSpot(TM) 64-Bit Server VM (25.5-b02 mixed mode windows-amd64 compressed oops)
Heap:
 PSYoungGen      total 11776K, used 1979K [0x00000000eab00000, 0x00000000eb980000, 0x0000000100000000)
  eden space 10752K, 16% used [0x00000000eab00000,0x00000000eacaecd0,0x00000000eb580000)
  from space 1024K, 25% used [0x00000000eb780000,0x00000000eb7c0000,0x00000000eb880000)
  to   space 512K, 0% used [0x00000000eb900000,0x00000000eb900000,0x00000000eb980000)
 ParOldGen       total 12288K, used 10108K [0x00000000c0000000, 0x00000000c0c00000, 0x00000000eab00000)
  object space 12288K, 82% used [0x00000000c0000000,0x00000000c09df030,0x00000000c0c00000)
 Metaspace       used 9311K, capacity 9372K, committed 9472K, reserved 1058816K
  class space    used 912K, capacity 945K, committed 1024K, reserved 1048576K
GC Heap History (10 events):
Event: 621.408 GC heap before
{Heap before GC invocations=1172 (full 6):
 PSYoungGen      total 11776K, used 10976K [0x00000000eab00000, 0x00000000ebb00000, 0x0000000100000000)
  eden space 10752K, 100% used [0x00000000eab00000,0x00000000eb580000,0x00000000eb580000)
  from space 1024K, 21% used [0x00000000eb900000,0x00000000eb938000,0x00000000eba00000)
  to   space 1024K, 0% used [0x00000000eba00000,0x00000000eba00000,0x00000000ebb00000)
 ParOldGen       total 12288K, used 10068K [0x00000000c0000000, 0x00000000c0c00000, 0x00000000eab00000)
  object space 12288K, 81% used [0x00000000c0000000,0x00000000c09d5030,0x00000000c0c00000)
 Metaspace       used 9311K, capacity 9372K, committed 9472K, reserved 1058816K
  class space    used 912K, capacity 945K, committed 1024K, reserved 1048576K
Event: 621.409 GC heap after
Heap after GC invocations=1172 (full 6):
 PSYoungGen      total 11264K, used 224K [0x00000000eab00000, 0x00000000eba80000, 0x0000000100000000)
  eden space 10752K, 0% used [0x00000000eab00000,0x00000000eab00000,0x00000000eb580000)
  from space 512K, 43% used [0x00000000eba00000,0x00000000eba38000,0x00000000eba80000)
  to   space 1024K, 0% used [0x00000000eb880000,0x00000000eb880000,0x00000000eb980000)
 ParOldGen       total 12288K, used 10068K [0x00000000c0000000, 0x00000000c0c00000, 0x00000000eab00000)
  object space 12288K, 81% used [0x00000000c0000000,0x00000000c09d5030,0x00000000c0c00000)
 Metaspace       used 9311K, capacity 9372K, committed 9472K, reserved 1058816K
  class space    used 912K, capacity 945K, committed 1024K, reserved 1048576K
}
Event: 622.001 GC heap before
{Heap before GC invocations=1173 (full 6):
 PSYoungGen      total 11264K, used 10976K [0x00000000eab00000, 0x00000000eba80000, 0x0000000100000000)
  eden space 10752K, 100% used [0x00000000eab00000,0x00000000eb580000,0x00000000eb580000)
  from space 512K, 43% used [0x00000000eba00000,0x00000000eba38000,0x00000000eba80000)
  to   space 1024K, 0% used [0x00000000eb880000,0x00000000eb880000,0x00000000eb980000)
 ParOldGen       total 12288K, used 10068K [0x00000000c0000000, 0x00000000c0c00000, 0x00000000eab00000)
  object space 12288K, 81% used [0x00000000c0000000,0x00000000c09d5030,0x00000000c0c00000)
 Metaspace       used 9311K, capacity 9372K, committed 9472K, reserved 1058816K
  class space    used 912K, capacity 945K, committed 1024K, reserved 1048576K
Event: 622.002 GC heap after
Heap after GC invocations=1173 (full 6):
 PSYoungGen      total 11776K, used 256K [0x00000000eab00000, 0x00000000eba80000, 0x0000000100000000)
  eden space 10752K, 0% used [0x00000000eab00000,0x00000000eab00000,0x00000000eb580000)
  from space 1024K, 25% used [0x00000000eb880000,0x00000000eb8c0000,0x00000000eb980000)
  to   space 1024K, 0% used [0x00000000eb980000,0x00000000eb980000,0x00000000eba80000)
 ParOldGen       total 12288K, used 10068K [0x00000000c0000000, 0x00000000c0c00000, 0x00000000eab00000)
  object space 12288K, 81% used [0x00000000c0000000,0x00000000c09d5030,0x00000000c0c00000)
 Metaspace       used 9311K, capacity 9372K, committed 9472K, reserved 1058816K
  class space    used 912K, capacity 945K, committed 1024K, reserved 1048576K
}
Event: 622.541 GC heap before
{Heap before GC invocations=1174 (full 6):
 PSYoungGen      total 11776K, used 11008K [0x00000000eab00000, 0x00000000eba80000, 0x0000000100000000)
  eden space 10752K, 100% used [0x00000000eab00000,0x00000000eb580000,0x00000000eb580000)
  from space 1024K, 25% used [0x00000000eb880000,0x00000000eb8c0000,0x00000000eb980000)
  to   space 1024K, 0% used [0x00000000eb980000,0x00000000eb980000,0x00000000eba80000)
 ParOldGen       total 12288K, used 10068K [0x00000000c0000000, 0x00000000c0c00000, 0x00000000eab00000)
  object space 12288K, 81% used [0x00000000c0000000,0x00000000c09d5030,0x00000000c0c00000)
 Metaspace       used 9311K, capacity 9372K, committed 9472K, reserved 1058816K
  class space    used 912K, capacity 945K, committed 1024K, reserved 1048576K
Event: 622.542 GC heap after
Heap after GC invocations=1174 (full 6):
 PSYoungGen      total 11264K, used 288K [0x00000000eab00000, 0x00000000eba00000, 0x0000000100000000)
  eden space 10752K, 0% used [0x00000000eab00000,0x00000000eab00000,0x00000000eb580000)
  from space 512K, 56% used [0x00000000eb980000,0x00000000eb9c8000,0x00000000eba00000)
  to   space 1024K, 0% used [0x00000000eb800000,0x00000000eb800000,0x00000000eb900000)
 ParOldGen       total 12288K, used 10068K [0x00000000c0000000, 0x00000000c0c00000, 0x00000000eab00000)
  object space 12288K, 81% used [0x00000000c0000000,0x00000000c09d5030,0x00000000c0c00000)
 Metaspace       used 9311K, capacity 9372K, committed 9472K, reserved 1058816K
  class space    used 912K, capacity 945K, committed 1024K, reserved 1048576K
}
Event: 623.091 GC heap before
{Heap before GC invocations=1175 (full 6):
 PSYoungGen      total 11264K, used 11040K [0x00000000eab00000, 0x00000000eba00000, 0x0000000100000000)
  eden space 10752K, 100% used [0x00000000eab00000,0x00000000eb580000,0x00000000eb580000)
  from space 512K, 56% used [0x00000000eb980000,0x00000000eb9c8000,0x00000000eba00000)
  to   space 1024K, 0% used [0x00000000eb800000,0x00000000eb800000,0x00000000eb900000)
 ParOldGen       total 12288K, used 10068K [0x00000000c0000000, 0x00000000c0c00000, 0x00000000eab00000)
  object space 12288K, 81% used [0x00000000c0000000,0x00000000c09d5030,0x00000000c0c00000)
 Metaspace       used 9311K, capacity 9372K, committed 9472K, reserved 1058816K
  class space    used 912K, capacity 945K, committed 1024K, reserved 1048576K
Event: 623.092 GC heap after
Heap after GC invocations=1175 (full 6):
 PSYoungGen      total 11776K, used 288K [0x00000000eab00000, 0x00000000eba00000, 0x0000000100000000)
  eden space 10752K, 0% used [0x00000000eab00000,0x00000000eab00000,0x00000000eb580000)
  from space 1024K, 28% used [0x00000000eb800000,0x00000000eb848000,0x00000000eb900000)
  to   space 1024K, 0% used [0x00000000eb900000,0x00000000eb900000,0x00000000eba00000)
 ParOldGen       total 12288K, used 10068K [0x00000000c0000000, 0x00000000c0c00000, 0x00000000eab00000)
  object space 12288K, 81% used [0x00000000c0000000,0x00000000c09d5030,0x00000000c0c00000)
 Metaspace       used 9311K, capacity 9372K, committed 9472K, reserved 1058816K
  class space    used 912K, capacity 945K, committed 1024K, reserved 1048576K
}
Event: 623.642 GC heap before
{Heap before GC invocations=1176 (full 6):
 PSYoungGen      total 11776K, used 11040K [0x00000000eab00000, 0x00000000eba00000, 0x0000000100000000)
  eden space 10752K, 100% used [0x00000000eab00000,0x00000000eb580000,0x00000000eb580000)
  from space 1024K, 28% used [0x00000000eb800000,0x00000000eb848000,0x00000000eb900000)
  to   space 1024K, 0% used [0x00000000eb900000,0x00000000eb900000,0x00000000eba00000)
 ParOldGen       total 12288K, used 10068K [0x00000000c0000000, 0x00000000c0c00000, 0x00000000eab00000)
  object space 12288K, 81% used [0x00000000c0000000,0x00000000c09d5030,0x00000000c0c00000)
 Metaspace       used 9311K, capacity 9372K, committed 9472K, reserved 1058816K
  class space    used 912K, capacity 945K, committed 1024K, reserved 1048576K
Event: 623.643 GC heap after
Heap after GC invocations=1176 (full 6):
 PSYoungGen      total 11264K, used 288K [0x00000000eab00000, 0x00000000eb980000, 0x0000000100000000)
  eden space 10752K, 0% used [0x00000000eab00000,0x00000000eab00000,0x00000000eb580000)
  from space 512K, 56% used [0x00000000eb900000,0x00000000eb948000,0x00000000eb980000)
  to   space 1024K, 0% used [0x00000000eb780000,0x00000000eb780000,0x00000000eb880000)
 ParOldGen       total 12288K, used 10084K [0x00000000c0000000, 0x00000000c0c00000, 0x00000000eab00000)
  object space 12288K, 82% used [0x00000000c0000000,0x00000000c09d9030,0x00000000c0c00000)
 Metaspace       used 9311K, capacity 9372K, committed 9472K, reserved 1058816K
  class space    used 912K, capacity 945K, committed 1024K, reserved 1048576K
}

